# JRE version: OpenJDK Runtime Environment (21.0.4) (build 21.0.4+-12508038-b607.1)
# Java VM: OpenJDK 64-Bit Server VM (21.0.4+-12508038-b607.1, mixed mode, tiered, compressed oops, compressed class ptrs, g1 gc, windows-amd64)
GC Precious Log:
 CardTable entry size: 512
 Card Set container configuration: InlinePtr #cards 5 size 8 Array Of Cards #cards 12 size 40 Howl #buckets 4 coarsen threshold 1843 Howl Bitmap #cards 512 size 80 coarsen threshold 460 Card regions per heap region 1 cards per card region 2048
 CPUs: 12 total, 12 available
 Memory: 16163M
 Large Page Support: Disabled
 NUMA Support: Disabled
 Compressed Oops: Enabled (32-bit)
 Heap Region Size: 1M
 Heap Min Capacity: 8M
 Heap Initial Capacity: 254M
 Heap Max Capacity: 2G
 Pre-touch: Disabled
 Parallel Workers: 10
 Concurrent Workers: 3
 Concurrent Refinement Workers: 10
 Periodic GC: Disabled
Heap:
 garbage-first heap   total 191488K, used 144443K [0x0000000080000000, 0x0000000100000000)
  region size 1024K, 53 young (54272K), 4 survivors (4096K)
 Metaspace       used 99026K, committed 101120K, reserved 1179648K
  class space    used 13577K, committed 14592K, reserved 1048576K
GC Heap History (20 events):
Event: 4.857 GC heap before
{Heap before GC invocations=24 (full 0):
 garbage-first heap   total 92160K, used 80951K [0x0000000080000000, 0x0000000100000000)
  region size 1024K, 32 young (32768K), 4 survivors (4096K)
 Metaspace       used 66789K, committed 68480K, reserved 1114112K
  class space    used 9080K, committed 9920K, reserved 1048576K
}
Event: 4.862 GC heap after
{Heap after GC invocations=25 (full 0):
 garbage-first heap   total 140288K, used 51967K [0x0000000080000000, 0x0000000100000000)
  region size 1024K, 4 young (4096K), 4 survivors (4096K)
 Metaspace       used 66789K, committed 68480K, reserved 1114112K
  class space    used 9080K, committed 9920K, reserved 1048576K
}
Event: 5.398 GC heap before
{Heap before GC invocations=25 (full 0):
 garbage-first heap   total 140288K, used 136959K [0x0000000080000000, 0x0000000100000000)
  region size 1024K, 74 young (75776K), 4 survivors (4096K)
 Metaspace       used 69090K, committed 70848K, reserved 1114112K
  class space    used 9388K, committed 10240K, reserved 1048576K
}
Event: 5.405 GC heap after
{Heap after GC invocations=26 (full 0):
 garbage-first heap   total 150528K, used 73420K [0x0000000080000000, 0x0000000100000000)
  region size 1024K, 10 young (10240K), 10 survivors (10240K)
 Metaspace       used 69090K, committed 70848K, reserved 1114112K
  class space    used 9388K, committed 10240K, reserved 1048576K
}
Event: 5.842 GC heap before
{Heap before GC invocations=26 (full 0):
 garbage-first heap   total 150528K, used 126668K [0x0000000080000000, 0x0000000100000000)
  region size 1024K, 63 young (64512K), 10 survivors (10240K)
 Metaspace       used 74534K, committed 76288K, reserved 1114112K
  class space    used 10050K, committed 10944K, reserved 1048576K
}
Event: 5.846 GC heap after
{Heap after GC invocations=27 (full 0):
 garbage-first heap   total 150528K, used 75630K [0x0000000080000000, 0x0000000100000000)
  region size 1024K, 2 young (2048K), 2 survivors (2048K)
 Metaspace       used 74534K, committed 76288K, reserved 1114112K
  class space    used 10050K, committed 10944K, reserved 1048576K
}
Event: 6.018 GC heap before
{Heap before GC invocations=27 (full 0):
 garbage-first heap   total 150528K, used 95086K [0x0000000080000000, 0x0000000100000000)
  region size 1024K, 22 young (22528K), 2 survivors (2048K)
 Metaspace       used 77358K, committed 79232K, reserved 1179648K
  class space    used 10441K, committed 11392K, reserved 1048576K
}
Event: 6.021 GC heap after
{Heap after GC invocations=28 (full 0):
 garbage-first heap   total 150528K, used 77678K [0x0000000080000000, 0x0000000100000000)
  region size 1024K, 4 young (4096K), 4 survivors (4096K)
 Metaspace       used 77358K, committed 79232K, reserved 1179648K
  class space    used 10441K, committed 11392K, reserved 1048576K
}
Event: 6.415 GC heap before
{Heap before GC invocations=29 (full 0):
 garbage-first heap   total 150528K, used 139118K [0x0000000080000000, 0x0000000100000000)
  region size 1024K, 60 young (61440K), 4 survivors (4096K)
 Metaspace       used 80877K, committed 82752K, reserved 1179648K
  class space    used 10903K, committed 11840K, reserved 1048576K
}
Event: 6.418 GC heap after
{Heap after GC invocations=30 (full 0):
 garbage-first heap   total 150528K, used 82944K [0x0000000080000000, 0x0000000100000000)
  region size 1024K, 8 young (8192K), 8 survivors (8192K)
 Metaspace       used 80877K, committed 82752K, reserved 1179648K
  class space    used 10903K, committed 11840K, reserved 1048576K
}
Event: 6.890 GC heap before
{Heap before GC invocations=30 (full 0):
 garbage-first heap   total 150528K, used 134144K [0x0000000080000000, 0x0000000100000000)
  region size 1024K, 58 young (59392K), 8 survivors (8192K)
 Metaspace       used 86119K, committed 87936K, reserved 1179648K
  class space    used 11587K, committed 12480K, reserved 1048576K
}
Event: 6.894 GC heap after
{Heap after GC invocations=31 (full 0):
 garbage-first heap   total 150528K, used 84386K [0x0000000080000000, 0x0000000100000000)
  region size 1024K, 3 young (3072K), 3 survivors (3072K)
 Metaspace       used 86119K, committed 87936K, reserved 1179648K
  class space    used 11587K, committed 12480K, reserved 1048576K
}
Event: 7.012 GC heap before
{Heap before GC invocations=31 (full 0):
 garbage-first heap   total 150528K, used 102818K [0x0000000080000000, 0x0000000100000000)
  region size 1024K, 22 young (22528K), 3 survivors (3072K)
 Metaspace       used 87487K, committed 89408K, reserved 1179648K
  class space    used 11764K, committed 12736K, reserved 1048576K
}
Event: 7.014 GC heap after
{Heap after GC invocations=32 (full 0):
 garbage-first heap   total 150528K, used 84608K [0x0000000080000000, 0x0000000100000000)
  region size 1024K, 4 young (4096K), 4 survivors (4096K)
 Metaspace       used 87487K, committed 89408K, reserved 1179648K
  class space    used 11764K, committed 12736K, reserved 1048576K
}
Event: 7.342 GC heap before
{Heap before GC invocations=33 (full 0):
 garbage-first heap   total 150528K, used 139904K [0x0000000080000000, 0x0000000100000000)
  region size 1024K, 55 young (56320K), 4 survivors (4096K)
 Metaspace       used 89221K, committed 91136K, reserved 1179648K
  class space    used 12007K, committed 12928K, reserved 1048576K
}
Event: 7.346 GC heap after
{Heap after GC invocations=34 (full 0):
 garbage-first heap   total 150528K, used 92435K [0x0000000080000000, 0x0000000100000000)
  region size 1024K, 7 young (7168K), 7 survivors (7168K)
 Metaspace       used 89221K, committed 91136K, reserved 1179648K
  class space    used 12007K, committed 12928K, reserved 1048576K
}
Event: 7.642 GC heap before
{Heap before GC invocations=34 (full 0):
 garbage-first heap   total 150528K, used 134419K [0x0000000080000000, 0x0000000100000000)
  region size 1024K, 48 young (49152K), 7 survivors (7168K)
 Metaspace       used 92367K, committed 94336K, reserved 1179648K
  class space    used 12441K, committed 13440K, reserved 1048576K
}
Event: 7.646 GC heap after
{Heap after GC invocations=35 (full 0):
 garbage-first heap   total 150528K, used 94300K [0x0000000080000000, 0x0000000100000000)
  region size 1024K, 3 young (3072K), 3 survivors (3072K)
 Metaspace       used 92367K, committed 94336K, reserved 1179648K
  class space    used 12441K, committed 13440K, reserved 1048576K
}
Event: 7.995 GC heap before
{Heap before GC invocations=35 (full 0):
 garbage-first heap   total 150528K, used 138332K [0x0000000080000000, 0x0000000100000000)
  region size 1024K, 46 young (47104K), 3 survivors (3072K)
 Metaspace       used 96001K, committed 97920K, reserved 1179648K
  class space    used 13108K, committed 14080K, reserved 1048576K
}
Event: 7.998 GC heap after
{Heap after GC invocations=36 (full 0):
 garbage-first heap   total 191488K, used 95291K [0x0000000080000000, 0x0000000100000000)
  region size 1024K, 4 young (4096K), 4 survivors (4096K)
 Metaspace       used 96001K, committed 97920K, reserved 1179648K
  class space    used 13108K, committed 14080K, reserved 1048576K
}

