# JRE version: OpenJDK Runtime Environment (21.0.4) (build 21.0.4+-12508038-b607.1)
# Java VM: OpenJDK 64-Bit Server VM (21.0.4+-12508038-b607.1, mixed mode, tiered, compressed oops, compressed class ptrs, g1 gc, windows-amd64)
GC Precious Log:
 CardTable entry size: 512
 Card Set container configuration: InlinePtr #cards 5 size 8 Array Of Cards #cards 12 size 40 Howl #buckets 4 coarsen threshold 1843 Howl Bitmap #cards 512 size 80 coarsen threshold 460 Card regions per heap region 1 cards per card region 2048
 CPUs: 12 total, 12 available
 Memory: 16163M
 Large Page Support: Disabled
 NUMA Support: Disabled
 Compressed Oops: Enabled (32-bit)
 Heap Region Size: 1M
 Heap Min Capacity: 8M
 Heap Initial Capacity: 254M
 Heap Max Capacity: 2G
 Pre-touch: Disabled
 Parallel Workers: 10
 Concurrent Workers: 3
 Concurrent Refinement Workers: 10
 Periodic GC: Disabled
Heap:
 garbage-first heap   total 373760K, used 158724K [0x0000000080000000, 0x0000000100000000)
  region size 1024K, 45 young (46080K), 10 survivors (10240K)
 Metaspace       used 119822K, committed 122048K, reserved 1179648K
  class space    used 16216K, committed 17344K, reserved 1048576K
GC Heap History (20 events):
Event: 9.679 GC heap before
{Heap before GC invocations=42 (full 0):
 garbage-first heap   total 199680K, used 182001K [0x0000000080000000, 0x0000000100000000)
  region size 1024K, 69 young (70656K), 4 survivors (4096K)
 Metaspace       used 114679K, committed 116864K, reserved 1179648K
  class space    used 15565K, committed 16704K, reserved 1048576K
}
Event: 9.684 GC heap after
{Heap after GC invocations=43 (full 0):
 garbage-first heap   total 199680K, used 122440K [0x0000000080000000, 0x0000000100000000)
  region size 1024K, 9 young (9216K), 9 survivors (9216K)
 Metaspace       used 114679K, committed 116864K, reserved 1179648K
  class space    used 15565K, committed 16704K, reserved 1048576K
}
Event: 9.723 GC heap before
{Heap before GC invocations=43 (full 0):
 garbage-first heap   total 199680K, used 178760K [0x0000000080000000, 0x0000000100000000)
  region size 1024K, 64 young (65536K), 9 survivors (9216K)
 Metaspace       used 115011K, committed 117248K, reserved 1179648K
  class space    used 15578K, committed 16704K, reserved 1048576K
}
Event: 9.727 GC heap after
{Heap after GC invocations=44 (full 0):
 garbage-first heap   total 199680K, used 122294K [0x0000000080000000, 0x0000000100000000)
  region size 1024K, 2 young (2048K), 2 survivors (2048K)
 Metaspace       used 115011K, committed 117248K, reserved 1179648K
  class space    used 15578K, committed 16704K, reserved 1048576K
}
Event: 9.760 GC heap before
{Heap before GC invocations=44 (full 0):
 garbage-first heap   total 199680K, used 180662K [0x0000000080000000, 0x0000000100000000)
  region size 1024K, 60 young (61440K), 2 survivors (2048K)
 Metaspace       used 115095K, committed 117312K, reserved 1179648K
  class space    used 15578K, committed 16704K, reserved 1048576K
}
Event: 9.761 GC heap after
{Heap after GC invocations=45 (full 0):
 garbage-first heap   total 199680K, used 121988K [0x0000000080000000, 0x0000000100000000)
  region size 1024K, 2 young (2048K), 2 survivors (2048K)
 Metaspace       used 115095K, committed 117312K, reserved 1179648K
  class space    used 15578K, committed 16704K, reserved 1048576K
}
Event: 9.800 GC heap before
{Heap before GC invocations=45 (full 0):
 garbage-first heap   total 199680K, used 182404K [0x0000000080000000, 0x0000000100000000)
  region size 1024K, 62 young (63488K), 2 survivors (2048K)
 Metaspace       used 115156K, committed 117376K, reserved 1179648K
  class space    used 15579K, committed 16704K, reserved 1048576K
}
Event: 9.802 GC heap after
{Heap after GC invocations=46 (full 0):
 garbage-first heap   total 296960K, used 122405K [0x0000000080000000, 0x0000000100000000)
  region size 1024K, 2 young (2048K), 2 survivors (2048K)
 Metaspace       used 115156K, committed 117376K, reserved 1179648K
  class space    used 15579K, committed 16704K, reserved 1048576K
}
Event: 9.901 GC heap before
{Heap before GC invocations=47 (full 0):
 garbage-first heap   total 296960K, used 246309K [0x0000000080000000, 0x0000000100000000)
  region size 1024K, 123 young (125952K), 2 survivors (2048K)
 Metaspace       used 115207K, committed 117440K, reserved 1179648K
  class space    used 15580K, committed 16704K, reserved 1048576K
}
Event: 9.903 GC heap after
{Heap after GC invocations=48 (full 0):
 garbage-first heap   total 296960K, used 123336K [0x0000000080000000, 0x0000000100000000)
  region size 1024K, 3 young (3072K), 3 survivors (3072K)
 Metaspace       used 115207K, committed 117440K, reserved 1179648K
  class space    used 15580K, committed 16704K, reserved 1048576K
}
Event: 9.968 GC heap before
{Heap before GC invocations=48 (full 0):
 garbage-first heap   total 296960K, used 277960K [0x0000000080000000, 0x0000000100000000)
  region size 1024K, 153 young (156672K), 3 survivors (3072K)
 Metaspace       used 115315K, committed 117504K, reserved 1179648K
  class space    used 15599K, committed 16704K, reserved 1048576K
}
Event: 9.971 GC heap after
{Heap after GC invocations=49 (full 0):
 garbage-first heap   total 296960K, used 123232K [0x0000000080000000, 0x0000000100000000)
  region size 1024K, 4 young (4096K), 4 survivors (4096K)
 Metaspace       used 115315K, committed 117504K, reserved 1179648K
  class space    used 15599K, committed 16704K, reserved 1048576K
}
Event: 10.031 GC heap before
{Heap before GC invocations=49 (full 0):
 garbage-first heap   total 296960K, used 274784K [0x0000000080000000, 0x0000000100000000)
  region size 1024K, 153 young (156672K), 4 survivors (4096K)
 Metaspace       used 115380K, committed 117504K, reserved 1179648K
  class space    used 15610K, committed 16704K, reserved 1048576K
}
Event: 10.035 GC heap after
{Heap after GC invocations=50 (full 0):
 garbage-first heap   total 296960K, used 128849K [0x0000000080000000, 0x0000000100000000)
  region size 1024K, 9 young (9216K), 9 survivors (9216K)
 Metaspace       used 115380K, committed 117504K, reserved 1179648K
  class space    used 15610K, committed 16704K, reserved 1048576K
}
Event: 10.120 GC heap before
{Heap before GC invocations=50 (full 0):
 garbage-first heap   total 296960K, used 270161K [0x0000000080000000, 0x0000000100000000)
  region size 1024K, 148 young (151552K), 9 survivors (9216K)
 Metaspace       used 115406K, committed 117568K, reserved 1179648K
  class space    used 15610K, committed 16704K, reserved 1048576K
}
Event: 10.122 GC heap after
{Heap after GC invocations=51 (full 0):
 garbage-first heap   total 296960K, used 124445K [0x0000000080000000, 0x0000000100000000)
  region size 1024K, 6 young (6144K), 6 survivors (6144K)
 Metaspace       used 115406K, committed 117568K, reserved 1179648K
  class space    used 15610K, committed 16704K, reserved 1048576K
}
Event: 10.219 GC heap before
{Heap before GC invocations=52 (full 0):
 garbage-first heap   total 296960K, used 272925K [0x0000000080000000, 0x0000000100000000)
  region size 1024K, 152 young (155648K), 6 survivors (6144K)
 Metaspace       used 115413K, committed 117568K, reserved 1179648K
  class space    used 15611K, committed 16704K, reserved 1048576K
}
Event: 10.222 GC heap after
{Heap after GC invocations=53 (full 0):
 garbage-first heap   total 296960K, used 125708K [0x0000000080000000, 0x0000000100000000)
  region size 1024K, 7 young (7168K), 7 survivors (7168K)
 Metaspace       used 115413K, committed 117568K, reserved 1179648K
  class space    used 15611K, committed 16704K, reserved 1048576K
}
Event: 10.484 GC heap before
{Heap before GC invocations=53 (full 0):
 garbage-first heap   total 296960K, used 273164K [0x0000000080000000, 0x0000000100000000)
  region size 1024K, 151 young (154624K), 7 survivors (7168K)
 Metaspace       used 116181K, committed 118336K, reserved 1179648K
  class space    used 15720K, committed 16832K, reserved 1048576K
}
Event: 10.490 GC heap after
{Heap after GC invocations=54 (full 0):
 garbage-first heap   total 373760K, used 124932K [0x0000000080000000, 0x0000000100000000)
  region size 1024K, 10 young (10240K), 10 survivors (10240K)
 Metaspace       used 116181K, committed 118336K, reserved 1179648K
  class space    used 15720K, committed 16832K, reserved 1048576K
}

