# JRE version: OpenJDK Runtime Environment (21.0.4) (build 21.0.4+-12508038-b607.1)
# Java VM: OpenJDK 64-Bit Server VM (21.0.4+-12508038-b607.1, mixed mode, tiered, compressed oops, compressed class ptrs, g1 gc, windows-amd64)
GC Precious Log:
 CardTable entry size: 512
 Card Set container configuration: InlinePtr #cards 5 size 8 Array Of Cards #cards 12 size 40 Howl #buckets 4 coarsen threshold 1843 Howl Bitmap #cards 512 size 80 coarsen threshold 460 Card regions per heap region 1 cards per card region 2048
 CPUs: 12 total, 12 available
 Memory: 16163M
 Large Page Support: Disabled
 NUMA Support: Disabled
 Compressed Oops: Enabled (32-bit)
 Heap Region Size: 1M
 Heap Min Capacity: 8M
 Heap Initial Capacity: 254M
 Heap Max Capacity: 2G
 Pre-touch: Disabled
 Parallel Workers: 10
 Concurrent Workers: 3
 Concurrent Refinement Workers: 10
 Periodic GC: Disabled
Heap:
 garbage-first heap   total 158720K, used 96562K [0x0000000080000000, 0x0000000100000000)
  region size 1024K, 7 young (7168K), 3 survivors (3072K)
 Metaspace       used 96099K, committed 98048K, reserved 1179648K
  class space    used 13109K, committed 14080K, reserved 1048576K
GC Heap History (20 events):
Event: 4.552 GC heap before
{Heap before GC invocations=15 (full 0):
 garbage-first heap   total 106496K, used 91994K [0x0000000080000000, 0x0000000100000000)
  region size 1024K, 56 young (57344K), 7 survivors (7168K)
 Metaspace       used 66197K, committed 67840K, reserved 1114112K
  class space    used 9031K, committed 9856K, reserved 1048576K
}
Event: 4.557 GC heap after
{Heap after GC invocations=16 (full 0):
 garbage-first heap   total 106496K, used 46919K [0x0000000080000000, 0x0000000100000000)
  region size 1024K, 6 young (6144K), 6 survivors (6144K)
 Metaspace       used 66197K, committed 67840K, reserved 1114112K
  class space    used 9031K, committed 9856K, reserved 1048576K
}
Event: 4.671 GC heap before
{Heap before GC invocations=16 (full 0):
 garbage-first heap   total 106496K, used 91975K [0x0000000080000000, 0x0000000100000000)
  region size 1024K, 51 young (52224K), 6 survivors (6144K)
 Metaspace       used 66610K, committed 68288K, reserved 1114112K
  class space    used 9058K, committed 9920K, reserved 1048576K
}
Event: 4.675 GC heap after
{Heap after GC invocations=17 (full 0):
 garbage-first heap   total 142336K, used 47962K [0x0000000080000000, 0x0000000100000000)
  region size 1024K, 4 young (4096K), 4 survivors (4096K)
 Metaspace       used 66610K, committed 68288K, reserved 1114112K
  class space    used 9058K, committed 9920K, reserved 1048576K
}
Event: 4.816 GC heap before
{Heap before GC invocations=17 (full 0):
 garbage-first heap   total 142336K, used 125786K [0x0000000080000000, 0x0000000100000000)
  region size 1024K, 81 young (82944K), 4 survivors (4096K)
 Metaspace       used 66742K, committed 68416K, reserved 1114112K
  class space    used 9058K, committed 9920K, reserved 1048576K
}
Event: 4.818 GC heap after
{Heap after GC invocations=18 (full 0):
 garbage-first heap   total 142336K, used 49717K [0x0000000080000000, 0x0000000100000000)
  region size 1024K, 6 young (6144K), 6 survivors (6144K)
 Metaspace       used 66742K, committed 68416K, reserved 1114112K
  class space    used 9058K, committed 9920K, reserved 1048576K
}
Event: 5.472 GC heap before
{Heap before GC invocations=19 (full 0):
 garbage-first heap   total 142336K, used 139829K [0x0000000080000000, 0x0000000100000000)
  region size 1024K, 81 young (82944K), 6 survivors (6144K)
 Metaspace       used 72343K, committed 74048K, reserved 1114112K
  class space    used 9735K, committed 10624K, reserved 1048576K
}
Event: 5.476 GC heap after
{Heap after GC invocations=20 (full 0):
 garbage-first heap   total 155648K, used 71370K [0x0000000080000000, 0x0000000100000000)
  region size 1024K, 11 young (11264K), 11 survivors (11264K)
 Metaspace       used 72343K, committed 74048K, reserved 1114112K
  class space    used 9735K, committed 10624K, reserved 1048576K
}
Event: 5.955 GC heap before
{Heap before GC invocations=20 (full 0):
 garbage-first heap   total 155648K, used 138954K [0x0000000080000000, 0x0000000100000000)
  region size 1024K, 73 young (74752K), 11 survivors (11264K)
 Metaspace       used 78342K, committed 80256K, reserved 1179648K
  class space    used 10566K, committed 11520K, reserved 1048576K
}
Event: 5.960 GC heap after
{Heap after GC invocations=21 (full 0):
 garbage-first heap   total 158720K, used 77551K [0x0000000080000000, 0x0000000100000000)
  region size 1024K, 6 young (6144K), 6 survivors (6144K)
 Metaspace       used 78342K, committed 80256K, reserved 1179648K
  class space    used 10566K, committed 11520K, reserved 1048576K
}
Event: 6.492 GC heap before
{Heap before GC invocations=21 (full 0):
 garbage-first heap   total 158720K, used 141039K [0x0000000080000000, 0x0000000100000000)
  region size 1024K, 68 young (69632K), 6 survivors (6144K)
 Metaspace       used 84363K, committed 86208K, reserved 1179648K
  class space    used 11344K, committed 12288K, reserved 1048576K
}
Event: 6.495 GC heap after
{Heap after GC invocations=22 (full 0):
 garbage-first heap   total 158720K, used 81192K [0x0000000080000000, 0x0000000100000000)
  region size 1024K, 4 young (4096K), 4 survivors (4096K)
 Metaspace       used 84363K, committed 86208K, reserved 1179648K
  class space    used 11344K, committed 12288K, reserved 1048576K
}
Event: 7.004 GC heap before
{Heap before GC invocations=23 (full 0):
 garbage-first heap   total 158720K, used 145704K [0x0000000080000000, 0x0000000100000000)
  region size 1024K, 64 young (65536K), 4 survivors (4096K)
 Metaspace       used 88564K, committed 90432K, reserved 1179648K
  class space    used 11921K, committed 12864K, reserved 1048576K
}
Event: 7.008 GC heap after
{Heap after GC invocations=24 (full 0):
 garbage-first heap   total 158720K, used 88152K [0x0000000080000000, 0x0000000100000000)
  region size 1024K, 8 young (8192K), 8 survivors (8192K)
 Metaspace       used 88564K, committed 90432K, reserved 1179648K
  class space    used 11921K, committed 12864K, reserved 1048576K
}
Event: 7.283 GC heap before
{Heap before GC invocations=24 (full 0):
 garbage-first heap   total 158720K, used 140376K [0x0000000080000000, 0x0000000100000000)
  region size 1024K, 59 young (60416K), 8 survivors (8192K)
 Metaspace       used 90748K, committed 92736K, reserved 1179648K
  class space    used 12208K, committed 13184K, reserved 1048576K
}
Event: 7.288 GC heap after
{Heap after GC invocations=25 (full 0):
 garbage-first heap   total 158720K, used 91001K [0x0000000080000000, 0x0000000100000000)
  region size 1024K, 8 young (8192K), 8 survivors (8192K)
 Metaspace       used 90748K, committed 92736K, reserved 1179648K
  class space    used 12208K, committed 13184K, reserved 1048576K
}
Event: 7.364 GC heap before
{Heap before GC invocations=25 (full 0):
 garbage-first heap   total 158720K, used 101241K [0x0000000080000000, 0x0000000100000000)
  region size 1024K, 19 young (19456K), 8 survivors (8192K)
 Metaspace       used 91481K, committed 93440K, reserved 1179648K
  class space    used 12314K, committed 13248K, reserved 1048576K
}
Event: 7.369 GC heap after
{Heap after GC invocations=26 (full 0):
 garbage-first heap   total 158720K, used 92656K [0x0000000080000000, 0x0000000100000000)
  region size 1024K, 2 young (2048K), 2 survivors (2048K)
 Metaspace       used 91481K, committed 93440K, reserved 1179648K
  class space    used 12314K, committed 13248K, reserved 1048576K
}
Event: 7.827 GC heap before
{Heap before GC invocations=27 (full 0):
 garbage-first heap   total 158720K, used 147952K [0x0000000080000000, 0x0000000100000000)
  region size 1024K, 55 young (56320K), 2 survivors (2048K)
 Metaspace       used 95788K, committed 97728K, reserved 1179648K
  class space    used 13078K, committed 14080K, reserved 1048576K
}
Event: 7.829 GC heap after
{Heap after GC invocations=28 (full 0):
 garbage-first heap   total 158720K, used 93490K [0x0000000080000000, 0x0000000100000000)
  region size 1024K, 3 young (3072K), 3 survivors (3072K)
 Metaspace       used 95788K, committed 97728K, reserved 1179648K
  class space    used 13078K, committed 14080K, reserved 1048576K
}

