# JRE version: OpenJDK Runtime Environment (21.0.4) (build 21.0.4+-12508038-b607.1)
# Java VM: OpenJDK 64-Bit Server VM (21.0.4+-12508038-b607.1, mixed mode, tiered, compressed oops, compressed class ptrs, g1 gc, windows-amd64)
GC Precious Log:
 CardTable entry size: 512
 Card Set container configuration: InlinePtr #cards 5 size 8 Array Of Cards #cards 12 size 40 Howl #buckets 4 coarsen threshold 1843 Howl Bitmap #cards 512 size 80 coarsen threshold 460 Card regions per heap region 1 cards per card region 2048
 CPUs: 12 total, 12 available
 Memory: 16163M
 Large Page Support: Disabled
 NUMA Support: Disabled
 Compressed Oops: Enabled (32-bit)
 Heap Region Size: 1M
 Heap Min Capacity: 8M
 Heap Initial Capacity: 254M
 Heap Max Capacity: 2G
 Pre-touch: Disabled
 Parallel Workers: 10
 Concurrent Workers: 3
 Concurrent Refinement Workers: 10
 Periodic GC: Disabled
Heap:
 garbage-first heap   total 314368K, used 248666K [0x0000000080000000, 0x0000000100000000)
  region size 1024K, 8 young (8192K), 8 survivors (8192K)
 Metaspace       used 123370K, committed 125568K, reserved 1179648K
  class space    used 17018K, committed 18112K, reserved 1048576K
GC Heap History (20 events):
Event: 9.429 GC heap after
{Heap after GC invocations=41 (full 0):
 garbage-first heap   total 220160K, used 113506K [0x0000000080000000, 0x0000000100000000)
  region size 1024K, 8 young (8192K), 8 survivors (8192K)
 Metaspace       used 113244K, committed 115392K, reserved 1179648K
  class space    used 15480K, committed 16576K, reserved 1048576K
}
Event: 9.542 GC heap before
{Heap before GC invocations=41 (full 0):
 garbage-first heap   total 220160K, used 198498K [0x0000000080000000, 0x0000000100000000)
  region size 1024K, 92 young (94208K), 8 survivors (8192K)
 Metaspace       used 114261K, committed 116416K, reserved 1179648K
  class space    used 15635K, committed 16704K, reserved 1048576K
}
Event: 9.548 GC heap after
{Heap after GC invocations=42 (full 0):
 garbage-first heap   total 224256K, used 130023K [0x0000000080000000, 0x0000000100000000)
  region size 1024K, 12 young (12288K), 12 survivors (12288K)
 Metaspace       used 114261K, committed 116416K, reserved 1179648K
  class space    used 15635K, committed 16704K, reserved 1048576K
}
Event: 9.580 GC heap before
{Heap before GC invocations=42 (full 0):
 garbage-first heap   total 224256K, used 194535K [0x0000000080000000, 0x0000000100000000)
  region size 1024K, 76 young (77824K), 12 survivors (12288K)
 Metaspace       used 114479K, committed 116672K, reserved 1179648K
  class space    used 15658K, committed 16768K, reserved 1048576K
}
Event: 9.584 GC heap after
{Heap after GC invocations=43 (full 0):
 garbage-first heap   total 224256K, used 145261K [0x0000000080000000, 0x0000000100000000)
  region size 1024K, 10 young (10240K), 10 survivors (10240K)
 Metaspace       used 114479K, committed 116672K, reserved 1179648K
  class space    used 15658K, committed 16768K, reserved 1048576K
}
Event: 9.865 GC heap before
{Heap before GC invocations=44 (full 0):
 garbage-first heap   total 242688K, used 199533K [0x0000000080000000, 0x0000000100000000)
  region size 1024K, 64 young (65536K), 10 survivors (10240K)
 Metaspace       used 117194K, committed 119424K, reserved 1179648K
  class space    used 16116K, committed 17216K, reserved 1048576K
}
Event: 9.869 GC heap after
{Heap after GC invocations=45 (full 0):
 garbage-first heap   total 242688K, used 155648K [0x0000000080000000, 0x0000000100000000)
  region size 1024K, 8 young (8192K), 8 survivors (8192K)
 Metaspace       used 117194K, committed 119424K, reserved 1179648K
  class space    used 16116K, committed 17216K, reserved 1048576K
}
Event: 9.981 GC heap before
{Heap before GC invocations=45 (full 0):
 garbage-first heap   total 242688K, used 216064K [0x0000000080000000, 0x0000000100000000)
  region size 1024K, 67 young (68608K), 8 survivors (8192K)
 Metaspace       used 119122K, committed 121280K, reserved 1179648K
  class space    used 16385K, committed 17472K, reserved 1048576K
}
Event: 9.989 GC heap after
{Heap after GC invocations=46 (full 0):
 garbage-first heap   total 242688K, used 164474K [0x0000000080000000, 0x0000000100000000)
  region size 1024K, 9 young (9216K), 9 survivors (9216K)
 Metaspace       used 119122K, committed 121280K, reserved 1179648K
  class space    used 16385K, committed 17472K, reserved 1048576K
}
Event: 10.053 GC heap before
{Heap before GC invocations=46 (full 0):
 garbage-first heap   total 242688K, used 218746K [0x0000000080000000, 0x0000000100000000)
  region size 1024K, 62 young (63488K), 9 survivors (9216K)
 Metaspace       used 119749K, committed 121920K, reserved 1179648K
  class space    used 16497K, committed 17600K, reserved 1048576K
}
Event: 10.062 GC heap after
{Heap after GC invocations=47 (full 0):
 garbage-first heap   total 314368K, used 176547K [0x0000000080000000, 0x0000000100000000)
  region size 1024K, 8 young (8192K), 8 survivors (8192K)
 Metaspace       used 119749K, committed 121920K, reserved 1179648K
  class space    used 16497K, committed 17600K, reserved 1048576K
}
Event: 10.153 GC heap before
{Heap before GC invocations=47 (full 0):
 garbage-first heap   total 314368K, used 266659K [0x0000000080000000, 0x0000000100000000)
  region size 1024K, 97 young (99328K), 8 survivors (8192K)
 Metaspace       used 120421K, committed 122624K, reserved 1179648K
  class space    used 16618K, committed 17728K, reserved 1048576K
}
Event: 10.167 GC heap after
{Heap after GC invocations=48 (full 0):
 garbage-first heap   total 314368K, used 194560K [0x0000000080000000, 0x0000000100000000)
  region size 1024K, 13 young (13312K), 13 survivors (13312K)
 Metaspace       used 120421K, committed 122624K, reserved 1179648K
  class space    used 16618K, committed 17728K, reserved 1048576K
}
Event: 10.255 GC heap before
{Heap before GC invocations=49 (full 0):
 garbage-first heap   total 314368K, used 274432K [0x0000000080000000, 0x0000000100000000)
  region size 1024K, 92 young (94208K), 13 survivors (13312K)
 Metaspace       used 121739K, committed 123968K, reserved 1179648K
  class space    used 16802K, committed 17920K, reserved 1048576K
}
Event: 10.269 GC heap after
{Heap after GC invocations=50 (full 0):
 garbage-first heap   total 314368K, used 210153K [0x0000000080000000, 0x0000000100000000)
  region size 1024K, 12 young (12288K), 12 survivors (12288K)
 Metaspace       used 121739K, committed 123968K, reserved 1179648K
  class space    used 16802K, committed 17920K, reserved 1048576K
}
Event: 10.335 GC heap before
{Heap before GC invocations=50 (full 0):
 garbage-first heap   total 314368K, used 280809K [0x0000000080000000, 0x0000000100000000)
  region size 1024K, 81 young (82944K), 12 survivors (12288K)
 Metaspace       used 122326K, committed 124544K, reserved 1179648K
  class space    used 16883K, committed 17984K, reserved 1048576K
}
Event: 10.347 GC heap after
{Heap after GC invocations=51 (full 0):
 garbage-first heap   total 314368K, used 223002K [0x0000000080000000, 0x0000000100000000)
  region size 1024K, 11 young (11264K), 11 survivors (11264K)
 Metaspace       used 122326K, committed 124544K, reserved 1179648K
  class space    used 16883K, committed 17984K, reserved 1048576K
}
Event: 10.387 GC heap before
{Heap before GC invocations=51 (full 0):
 garbage-first heap   total 314368K, used 285466K [0x0000000080000000, 0x0000000100000000)
  region size 1024K, 72 young (73728K), 11 survivors (11264K)
 Metaspace       used 122837K, committed 125056K, reserved 1179648K
  class space    used 16948K, committed 18048K, reserved 1048576K
}
Event: 10.397 GC heap after
{Heap after GC invocations=52 (full 0):
 garbage-first heap   total 314368K, used 236544K [0x0000000080000000, 0x0000000100000000)
  region size 1024K, 9 young (9216K), 9 survivors (9216K)
 Metaspace       used 122837K, committed 125056K, reserved 1179648K
  class space    used 16948K, committed 18048K, reserved 1048576K
}
Event: 10.439 GC heap before
{Heap before GC invocations=52 (full 0):
 garbage-first heap   total 314368K, used 288768K [0x0000000080000000, 0x0000000100000000)
  region size 1024K, 60 young (61440K), 9 survivors (9216K)
 Metaspace       used 123370K, committed 125568K, reserved 1179648K
  class space    used 17018K, committed 18112K, reserved 1048576K
}

