# JRE version: OpenJDK Runtime Environment (21.0.4) (build 21.0.4+-12508038-b607.1)
# Java VM: OpenJDK 64-Bit Server VM (21.0.4+-12508038-b607.1, mixed mode, tiered, compressed oops, compressed class ptrs, g1 gc, windows-amd64)
GC Precious Log:
 CardTable entry size: 512
 Card Set container configuration: InlinePtr #cards 5 size 8 Array Of Cards #cards 12 size 40 Howl #buckets 4 coarsen threshold 1843 Howl Bitmap #cards 512 size 80 coarsen threshold 460 Card regions per heap region 1 cards per card region 2048
 CPUs: 12 total, 12 available
 Memory: 16163M
 Large Page Support: Disabled
 NUMA Support: Disabled
 Compressed Oops: Enabled (32-bit)
 Heap Region Size: 1M
 Heap Min Capacity: 8M
 Heap Initial Capacity: 254M
 Heap Max Capacity: 2G
 Pre-touch: Disabled
 Parallel Workers: 10
 Concurrent Workers: 3
 Concurrent Refinement Workers: 10
 Periodic GC: Disabled
Heap:
 garbage-first heap   total 317440K, used 225504K [0x0000000080000000, 0x0000000100000000)
  region size 1024K, 39 young (39936K), 11 survivors (11264K)
 Metaspace       used 138163K, committed 140608K, reserved 1179648K
  class space    used 18442K, committed 19648K, reserved 1048576K
GC Heap History (20 events):
Event: 9.284 GC heap before
{Heap before GC invocations=47 (full 0):
 garbage-first heap   total 273408K, used 228898K [0x0000000080000000, 0x0000000100000000)
  region size 1024K, 71 young (72704K), 7 survivors (7168K)
 Metaspace       used 110552K, committed 112832K, reserved 1179648K
  class space    used 15117K, committed 16256K, reserved 1048576K
}
Event: 9.288 GC heap after
{Heap after GC invocations=48 (full 0):
 garbage-first heap   total 273408K, used 165480K [0x0000000080000000, 0x0000000100000000)
  region size 1024K, 7 young (7168K), 7 survivors (7168K)
 Metaspace       used 110552K, committed 112832K, reserved 1179648K
  class space    used 15117K, committed 16256K, reserved 1048576K
}
Event: 9.648 GC heap before
{Heap before GC invocations=48 (full 0):
 garbage-first heap   total 273408K, used 246376K [0x0000000080000000, 0x0000000100000000)
  region size 1024K, 86 young (88064K), 7 survivors (7168K)
 Metaspace       used 110552K, committed 112832K, reserved 1179648K
  class space    used 15117K, committed 16256K, reserved 1048576K
}
Event: 9.652 GC heap after
{Heap after GC invocations=49 (full 0):
 garbage-first heap   total 273408K, used 166101K [0x0000000080000000, 0x0000000100000000)
  region size 1024K, 9 young (9216K), 9 survivors (9216K)
 Metaspace       used 110552K, committed 112832K, reserved 1179648K
  class space    used 15117K, committed 16256K, reserved 1048576K
}
Event: 9.936 GC heap before
{Heap before GC invocations=49 (full 0):
 garbage-first heap   total 273408K, used 248021K [0x0000000080000000, 0x0000000100000000)
  region size 1024K, 89 young (91136K), 9 survivors (9216K)
 Metaspace       used 110552K, committed 112832K, reserved 1179648K
  class space    used 15117K, committed 16256K, reserved 1048576K
}
Event: 9.939 GC heap after
{Heap after GC invocations=50 (full 0):
 garbage-first heap   total 273408K, used 168972K [0x0000000080000000, 0x0000000100000000)
  region size 1024K, 9 young (9216K), 9 survivors (9216K)
 Metaspace       used 110552K, committed 112832K, reserved 1179648K
  class space    used 15117K, committed 16256K, reserved 1048576K
}
Event: 10.198 GC heap before
{Heap before GC invocations=51 (full 0):
 garbage-first heap   total 283648K, used 247820K [0x0000000080000000, 0x0000000100000000)
  region size 1024K, 86 young (88064K), 9 survivors (9216K)
 Metaspace       used 110552K, committed 112832K, reserved 1179648K
  class space    used 15117K, committed 16256K, reserved 1048576K
}
Event: 10.202 GC heap after
{Heap after GC invocations=52 (full 0):
 garbage-first heap   total 283648K, used 171712K [0x0000000080000000, 0x0000000100000000)
  region size 1024K, 8 young (8192K), 8 survivors (8192K)
 Metaspace       used 110552K, committed 112832K, reserved 1179648K
  class space    used 15117K, committed 16256K, reserved 1048576K
}
Event: 10.448 GC heap before
{Heap before GC invocations=52 (full 0):
 garbage-first heap   total 283648K, used 259776K [0x0000000080000000, 0x0000000100000000)
  region size 1024K, 94 young (96256K), 8 survivors (8192K)
 Metaspace       used 110552K, committed 112832K, reserved 1179648K
  class space    used 15117K, committed 16256K, reserved 1048576K
}
Event: 10.453 GC heap after
{Heap after GC invocations=53 (full 0):
 garbage-first heap   total 283648K, used 173930K [0x0000000080000000, 0x0000000100000000)
  region size 1024K, 9 young (9216K), 9 survivors (9216K)
 Metaspace       used 110552K, committed 112832K, reserved 1179648K
  class space    used 15117K, committed 16256K, reserved 1048576K
}
Event: 10.694 GC heap before
{Heap before GC invocations=53 (full 0):
 garbage-first heap   total 283648K, used 258922K [0x0000000080000000, 0x0000000100000000)
  region size 1024K, 92 young (94208K), 9 survivors (9216K)
 Metaspace       used 110552K, committed 112832K, reserved 1179648K
  class space    used 15117K, committed 16256K, reserved 1048576K
}
Event: 10.697 GC heap after
{Heap after GC invocations=54 (full 0):
 garbage-first heap   total 283648K, used 176758K [0x0000000080000000, 0x0000000100000000)
  region size 1024K, 9 young (9216K), 9 survivors (9216K)
 Metaspace       used 110552K, committed 112832K, reserved 1179648K
  class space    used 15117K, committed 16256K, reserved 1048576K
}
Event: 11.168 GC heap before
{Heap before GC invocations=55 (full 0):
 garbage-first heap   total 295936K, used 259702K [0x0000000080000000, 0x0000000100000000)
  region size 1024K, 89 young (91136K), 9 survivors (9216K)
 Metaspace       used 114994K, committed 117312K, reserved 1179648K
  class space    used 15627K, committed 16768K, reserved 1048576K
}
Event: 11.172 GC heap after
{Heap after GC invocations=56 (full 0):
 garbage-first heap   total 295936K, used 179925K [0x0000000080000000, 0x0000000100000000)
  region size 1024K, 9 young (9216K), 9 survivors (9216K)
 Metaspace       used 114994K, committed 117312K, reserved 1179648K
  class space    used 15627K, committed 16768K, reserved 1048576K
}
Event: 11.815 GC heap before
{Heap before GC invocations=56 (full 0):
 garbage-first heap   total 295936K, used 274133K [0x0000000080000000, 0x0000000100000000)
  region size 1024K, 97 young (99328K), 9 survivors (9216K)
 Metaspace       used 124460K, committed 126848K, reserved 1179648K
  class space    used 16745K, committed 17984K, reserved 1048576K
}
Event: 11.820 GC heap after
{Heap after GC invocations=57 (full 0):
 garbage-first heap   total 295936K, used 183591K [0x0000000080000000, 0x0000000100000000)
  region size 1024K, 10 young (10240K), 10 survivors (10240K)
 Metaspace       used 124460K, committed 126848K, reserved 1179648K
  class space    used 16745K, committed 17984K, reserved 1048576K
}
Event: 13.198 GC heap before
{Heap before GC invocations=57 (full 0):
 garbage-first heap   total 295936K, used 268583K [0x0000000080000000, 0x0000000100000000)
  region size 1024K, 94 young (96256K), 10 survivors (10240K)
 Metaspace       used 131963K, committed 134272K, reserved 1179648K
  class space    used 17689K, committed 18880K, reserved 1048576K
}
Event: 13.205 GC heap after
{Heap after GC invocations=58 (full 0):
 garbage-first heap   total 295936K, used 190178K [0x0000000080000000, 0x0000000100000000)
  region size 1024K, 12 young (12288K), 12 survivors (12288K)
 Metaspace       used 131963K, committed 134272K, reserved 1179648K
  class space    used 17689K, committed 18880K, reserved 1048576K
}
Event: 13.795 GC heap before
{Heap before GC invocations=59 (full 0):
 garbage-first heap   total 317440K, used 266978K [0x0000000080000000, 0x0000000100000000)
  region size 1024K, 87 young (89088K), 12 survivors (12288K)
 Metaspace       used 135542K, committed 137920K, reserved 1179648K
  class space    used 18090K, committed 19264K, reserved 1048576K
}
Event: 13.803 GC heap after
{Heap after GC invocations=60 (full 0):
 garbage-first heap   total 317440K, used 198880K [0x0000000080000000, 0x0000000100000000)
  region size 1024K, 11 young (11264K), 11 survivors (11264K)
 Metaspace       used 135542K, committed 137920K, reserved 1179648K
  class space    used 18090K, committed 19264K, reserved 1048576K
}

